<?xml version="1.0" encoding="UTF-8"?>
<testng-results skipped="0" failed="0" ignored="0" total="1" passed="1">
  <reporter-output>
  </reporter-output>
  <suite name="BDD Test Suite" duration-ms="1968" started-at="2019-09-24T09:40:42Z" finished-at="2019-09-24T09:40:44Z">
    <groups>
      <group name="cucumber">
        <method signature="TestRunner.feature(cucumber.api.testng.CucumberFeatureWrapper)[pri:0, instance:MyRunner.TestRunner@2096442d]" name="feature" class="MyRunner.TestRunner"/>
      </group> <!-- cucumber -->
    </groups>
    <test name="Lambdatest ToDO Sample Test" duration-ms="1968" started-at="2019-09-24T09:40:42Z" finished-at="2019-09-24T09:40:44Z">
      <class name="MyRunner.TestRunner">
        <test-method status="PASS" signature="setUpClass()[pri:0, instance:MyRunner.TestRunner@2096442d]" name="setUpClass" is-config="true" duration-ms="135" started-at="2019-09-24T09:40:42Z" finished-at="2019-09-24T09:40:42Z">
          <reporter-output>
          </reporter-output>
        </test-method> <!-- setUpClass -->
        <test-method status="PASS" signature="feature(cucumber.api.testng.CucumberFeatureWrapper)[pri:0, instance:MyRunner.TestRunner@2096442d]" name="feature" duration-ms="1751" started-at="2019-09-24T09:40:42Z" description="Runs Cucumber Feature" data-provider="features" finished-at="2019-09-24T09:40:44Z">
          <params>
            <param index="0">
              <value>
                <![CDATA[ToDO list]]>
              </value>
            </param>
          </params>
          <reporter-output>
          </reporter-output>
        </test-method> <!-- feature -->
        <test-method status="PASS" signature="tearDownClass()[pri:0, instance:MyRunner.TestRunner@2096442d]" name="tearDownClass" is-config="true" duration-ms="8" started-at="2019-09-24T09:40:44Z" finished-at="2019-09-24T09:40:44Z">
          <reporter-output>
          </reporter-output>
        </test-method> <!-- tearDownClass -->
      </class> <!-- MyRunner.TestRunner -->
    </test> <!-- Lambdatest ToDO Sample Test -->
  </suite> <!-- BDD Test Suite -->
</testng-results>
